\BOOKMARK [1][-]{Doc-Start}{\376\377\004\022\004\062\004\065\004\064\004\065\004\075\004\070\004\065}{}% 1
\BOOKMARK [1][-]{section.1}{\376\377\004\023\004\073\004\103\004\061\004\076\004\072\004\076\000\040\004\075\004\065\004\103\004\077\004\100\004\103\004\063\004\076\004\065\000\040\004\100\004\060\004\101\004\101\004\065\004\117\004\075\004\070\004\065}{}% 2
\BOOKMARK [2][-]{subsection.1.1}{\376\377\004\032\004\070\004\075\004\065\004\074\004\060\004\102\004\070\004\072\004\060\000\040\004\063\004\073\004\103\004\061\004\076\004\072\004\076\000\040\004\075\004\065\004\103\004\077\004\100\004\103\004\063\004\076\004\063\004\076\000\040\004\100\004\060\004\101\004\101\004\065\004\117\004\075\004\070\004\117}{section.1}% 3
\BOOKMARK [2][-]{subsection.1.2}{\376\377\004\041\004\065\004\107\004\065\004\075\004\070\004\065\000\040\004\063\004\073\004\103\004\061\004\076\004\072\004\076\000\040\004\075\004\065\004\103\004\077\004\100\004\103\004\063\004\076\004\063\004\076\000\040\004\100\004\060\004\101\004\101\004\065\004\117\004\075\004\070\004\117}{section.1}% 4
\BOOKMARK [3][-]{subsubsection.1.2.1}{\376\377\004\041\004\065\004\107\004\065\004\075\004\070\004\065\000\040\004\100\004\060\004\101\004\101\004\065\004\117\004\075\004\070\004\117\000\040\004\062\000\040\004\077\004\100\004\070\004\061\004\073\004\070\004\066\004\065\004\075\004\070\004\070\000\040\004\034\004\076\004\102\004\102\004\060}{subsection.1.2}% 5
\BOOKMARK [3][-]{subsubsection.1.2.2}{\376\377\004\040\004\060\004\101\004\107\004\121\004\102\000\040\004\101\004\065\004\107\004\065\004\075\004\070\004\117\000\040\004\063\004\073\004\103\004\061\004\076\004\072\004\076\000\040\004\075\004\065\004\103\004\077\004\100\004\103\004\063\004\076\004\063\004\076\000\040\004\100\004\060\004\101\004\101\004\065\004\117\004\075\004\070\004\117}{subsection.1.2}% 6
\BOOKMARK [1][-]{section.2}{\376\377\004\037\004\060\004\100\004\102\004\076\004\075\004\075\004\060\004\117\000\040\004\074\004\076\004\064\004\065\004\073\004\114}{}% 7
\BOOKMARK [2][-]{subsection.2.1}{\376\377\004\041\004\072\004\065\004\071\004\073\004\070\004\075\004\063\000\040\004\021\004\114\004\121\004\100\004\072\004\065\004\075\004\060\000\040\004\070\000\040\004\101\004\102\004\100\004\103\004\072\004\102\004\103\004\100\004\075\004\113\004\065\000\040\004\104\004\103\004\075\004\072\004\106\004\070\004\070}{section.2}% 8
\BOOKMARK [2][-]{subsection.2.2}{\376\377\004\037\004\060\004\100\004\102\004\076\004\075\004\075\004\113\004\065\000\040\004\104\004\103\004\075\004\072\004\106\004\070\004\070\000\040\004\100\004\060\004\101\004\077\004\100\004\065\004\064\004\065\004\073\004\065\004\075\004\070\004\117}{section.2}% 9
\BOOKMARK [3][-]{subsubsection.2.2.1}{\376\377\004\032\004\076\004\073\004\073\004\070\004\075\004\065\004\060\004\100\004\075\004\113\004\065\000\040\004\077\004\060\004\100\004\102\004\076\004\075\004\075\004\113\004\065\000\040\004\104\004\103\004\075\004\072\004\106\004\070\004\070}{subsection.2.2}% 10
\BOOKMARK [2][-]{subsection.2.3}{\376\377\004\037\004\076\004\073\004\117\004\100\004\070\004\067\004\060\004\106\004\070\004\117\000\040\004\107\004\060\004\101\004\102\004\070\004\106}{section.2}% 11
\BOOKMARK [2][-]{subsection.2.4}{\376\377\004\020\004\064\004\100\004\076\004\075\004\070\004\067\004\060\004\106\004\070\004\117}{section.2}% 12
\BOOKMARK [3][-]{subsubsection.2.4.1}{\376\377\004\034\004\076\004\064\004\065\004\073\004\114\000\040\004\060\004\064\004\100\004\076\004\075\004\070\004\067\004\060\004\106\004\070\004\070\000\040\004\033\004\103\004\075\004\064\004\060}{subsection.2.4}% 13
\BOOKMARK [3][-]{subsubsection.2.4.2}{\376\377\004\034\004\076\004\064\004\065\004\073\004\114\000\040\0003\000P\0000}{subsection.2.4}% 14
\BOOKMARK [1][-]{section.3}{\376\377\004\020\004\067\004\070\004\074\004\103\004\102\004\060\004\073\004\114\004\075\004\113\004\065\000\040\004\060\004\101\004\070\004\074\004\074\004\065\004\102\004\100\004\070\004\070}{}% 15
\BOOKMARK [2][-]{subsection.3.1}{\376\377\004\037\004\076\004\073\004\103\004\070\004\075\004\072\004\073\004\116\004\067\004\070\004\062\004\075\004\076\004\065\000\040\004\063\004\073\004\103\004\061\004\076\004\072\004\076\000\040\004\075\004\065\004\103\004\077\004\100\004\103\004\063\004\076\004\065\000\040\004\100\004\060\004\101\004\101\004\065\004\117\004\075\004\070\004\065}{section.3}% 16
\BOOKMARK [2][-]{subsection.3.2}{\376\377\004\030\004\067\004\074\004\065\004\100\004\065\004\075\004\070\004\065\000\040\004\060\004\067\004\070\004\074\004\103\004\102\004\060\004\073\004\114\004\075\004\113\004\105\000\040\004\060\004\101\004\070\004\074\004\074\004\065\004\102\004\100\004\070\004\071}{section.3}% 17
\BOOKMARK [2][-]{subsection.3.3}{\376\377\004\020\004\101\004\070\004\074\004\074\004\065\004\102\004\100\004\070\004\117\000\040\004\041\004\070\004\062\004\065\004\100\004\101\004\060}{section.3}% 18
\BOOKMARK [1][-]{section.4}{\376\377\004\034\004\065\004\102\004\076\004\064\004\070\004\072\004\060\000\040\004\070\004\101\004\101\004\073\004\065\004\064\004\076\004\062\004\060\004\075\004\070\004\117}{}% 19
\BOOKMARK [2][-]{subsection.4.1}{\376\377\004\037\004\076\004\073\004\117\004\100\004\070\004\067\004\060\004\106\004\070\004\117\000\040\004\062\000\040\000P\000Y\000T\000H\000I\000A\0008}{section.4}% 20
\BOOKMARK [2][-]{subsection.4.2}{\376\377\004\040\004\060\004\101\004\107\004\121\004\102\000\040\004\060\004\101\004\070\004\074\004\074\004\065\004\102\004\100\004\070\004\070\000\040\004\041\004\070\004\062\004\065\004\100\004\101\004\060\000\040\004\062\000\040\000P\000Y\000T\000H\000I\000A\0008}{section.4}% 21
\BOOKMARK [1][-]{subsection.4.2}{\376\377\004\027\004\060\004\072\004\073\004\116\004\107\004\065\004\075\004\070\004\065}{}% 22
